# JRE version: Java(TM) SE Runtime Environment (8.0_51-b16) (build 1.8.0_51-b16)
# Java VM: Java HotSpot(TM) 64-Bit Server VM (25.51-b03 mixed mode windows-amd64 compressed oops)
Heap:
 PSYoungGen      total 31744K, used 13890K [0x000000076b380000, 0x000000076d380000, 0x00000007c0000000)
  eden space 31232K, 43% used [0x000000076b380000,0x000000076c0e0b30,0x000000076d200000)
  from space 512K, 37% used [0x000000076d280000,0x000000076d2b0000,0x000000076d300000)
  to   space 512K, 0% used [0x000000076d300000,0x000000076d300000,0x000000076d380000)
 ParOldGen       total 175104K, used 5878K [0x00000006c1a00000, 0x00000006cc500000, 0x000000076b380000)
  object space 175104K, 3% used [0x00000006c1a00000,0x00000006c1fbd8e8,0x00000006cc500000)
 Metaspace       used 20155K, capacity 20423K, committed 20736K, reserved 1067008K
  class space    used 2468K, capacity 2544K, committed 2560K, reserved 1048576K
GC Heap History (10 events):
Event: 1479.914 GC heap before
{Heap before GC invocations=65 (full 0):
 PSYoungGen      total 32256K, used 31456K [0x000000076b380000, 0x000000076d400000, 0x00000007c0000000)
  eden space 31232K, 100% used [0x000000076b380000,0x000000076d200000,0x000000076d200000)
  from space 1024K, 21% used [0x000000076d300000,0x000000076d338000,0x000000076d400000)
  to   space 1024K, 0% used [0x000000076d200000,0x000000076d200000,0x000000076d300000)
 ParOldGen       total 175104K, used 5878K [0x00000006c1a00000, 0x00000006cc500000, 0x000000076b380000)
  object space 175104K, 3% used [0x00000006c1a00000,0x00000006c1fbd8e8,0x00000006cc500000)
 Metaspace       used 20145K, capacity 20423K, committed 20736K, reserved 1067008K
  class space    used 2467K, capacity 2544K, committed 2560K, reserved 1048576K
Event: 1479.915 GC heap after
Heap after GC invocations=65 (full 0):
 PSYoungGen      total 32256K, used 256K [0x000000076b380000, 0x000000076d380000, 0x00000007c0000000)
  eden space 31232K, 0% used [0x000000076b380000,0x000000076b380000,0x000000076d200000)
  from space 1024K, 25% used [0x000000076d200000,0x000000076d240000,0x000000076d300000)
  to   space 512K, 0% used [0x000000076d300000,0x000000076d300000,0x000000076d380000)
 ParOldGen       total 175104K, used 5878K [0x00000006c1a00000, 0x00000006cc500000, 0x000000076b380000)
  object space 175104K, 3% used [0x00000006c1a00000,0x00000006c1fbd8e8,0x00000006cc500000)
 Metaspace       used 20145K, capacity 20423K, committed 20736K, reserved 1067008K
  class space    used 2467K, capacity 2544K, committed 2560K, reserved 1048576K
}
Event: 1493.126 GC heap before
{Heap before GC invocations=66 (full 0):
 PSYoungGen      total 32256K, used 31488K [0x000000076b380000, 0x000000076d380000, 0x00000007c0000000)
  eden space 31232K, 100% used [0x000000076b380000,0x000000076d200000,0x000000076d200000)
  from space 1024K, 25% used [0x000000076d200000,0x000000076d240000,0x000000076d300000)
  to   space 512K, 0% used [0x000000076d300000,0x000000076d300000,0x000000076d380000)
 ParOldGen       total 175104K, used 5878K [0x00000006c1a00000, 0x00000006cc500000, 0x000000076b380000)
  object space 175104K, 3% used [0x00000006c1a00000,0x00000006c1fbd8e8,0x00000006cc500000)
 Metaspace       used 20145K, capacity 20423K, committed 20736K, reserved 1067008K
  class space    used 2467K, capacity 2544K, committed 2560K, reserved 1048576K
Event: 1493.128 GC heap after
Heap after GC invocations=66 (full 0):
 PSYoungGen      total 31744K, used 192K [0x000000076b380000, 0x000000076d380000, 0x00000007c0000000)
  eden space 31232K, 0% used [0x000000076b380000,0x000000076b380000,0x000000076d200000)
  from space 512K, 37% used [0x000000076d300000,0x000000076d330000,0x000000076d380000)
  to   space 512K, 0% used [0x000000076d280000,0x000000076d280000,0x000000076d300000)
 ParOldGen       total 175104K, used 5878K [0x00000006c1a00000, 0x00000006cc500000, 0x000000076b380000)
  object space 175104K, 3% used [0x00000006c1a00000,0x00000006c1fbd8e8,0x00000006cc500000)
 Metaspace       used 20145K, capacity 20423K, committed 20736K, reserved 1067008K
  class space    used 2467K, capacity 2544K, committed 2560K, reserved 1048576K
}
Event: 1508.599 GC heap before
{Heap before GC invocations=67 (full 0):
 PSYoungGen      total 31744K, used 31424K [0x000000076b380000, 0x000000076d380000, 0x00000007c0000000)
  eden space 31232K, 100% used [0x000000076b380000,0x000000076d200000,0x000000076d200000)
  from space 512K, 37% used [0x000000076d300000,0x000000076d330000,0x000000076d380000)
  to   space 512K, 0% used [0x000000076d280000,0x000000076d280000,0x000000076d300000)
 ParOldGen       total 175104K, used 5878K [0x00000006c1a00000, 0x00000006cc500000, 0x000000076b380000)
  object space 175104K, 3% used [0x00000006c1a00000,0x00000006c1fbd8e8,0x00000006cc500000)
 Metaspace       used 20145K, capacity 20423K, committed 20736K, reserved 1067008K
  class space    used 2467K, capacity 2544K, committed 2560K, reserved 1048576K
Event: 1508.601 GC heap after
Heap after GC invocations=67 (full 0):
 PSYoungGen      total 31744K, used 192K [0x000000076b380000, 0x000000076d380000, 0x00000007c0000000)
  eden space 31232K, 0% used [0x000000076b380000,0x000000076b380000,0x000000076d200000)
  from space 512K, 37% used [0x000000076d280000,0x000000076d2b0000,0x000000076d300000)
  to   space 512K, 0% used [0x000000076d300000,0x000000076d300000,0x000000076d380000)
 ParOldGen       total 175104K, used 5878K [0x00000006c1a00000, 0x00000006cc500000, 0x000000076b380000)
  object space 175104K, 3% used [0x00000006c1a00000,0x00000006c1fbd8e8,0x00000006cc500000)
 Metaspace       used 20145K, capacity 20423K, committed 20736K, reserved 1067008K
  class space    used 2467K, capacity 2544K, committed 2560K, reserved 1048576K
}
Event: 1527.134 GC heap before
{Heap before GC invocations=68 (full 0):
 PSYoungGen      total 31744K, used 31424K [0x000000076b380000, 0x000000076d380000, 0x00000007c0000000)
  eden space 31232K, 100% used [0x000000076b380000,0x000000076d200000,0x000000076d200000)
  from space 512K, 37% used [0x000000076d280000,0x000000076d2b0000,0x000000076d300000)
  to   space 512K, 0% used [0x000000076d300000,0x000000076d300000,0x000000076d380000)
 ParOldGen       total 175104K, used 5878K [0x00000006c1a00000, 0x00000006cc500000, 0x000000076b380000)
  object space 175104K, 3% used [0x00000006c1a00000,0x00000006c1fbd8e8,0x00000006cc500000)
 Metaspace       used 20145K, capacity 20423K, committed 20736K, reserved 1067008K
  class space    used 2467K, capacity 2544K, committed 2560K, reserved 1048576K
Event: 1527.135 GC heap after
Heap after GC invocations=68 (full 0):
 PSYoungGen      total 31744K, used 256K [0x000000076b380000, 0x000000076d380000, 0x00000007c0000000)
  eden space 31232K, 0% used [0x000000076b380000,0x000000076b380000,0x000000076d200000)
  from space 512K, 50% used [0x000000076d300000,0x000000076d340000,0x000000076d380000)
  to   space 512K, 0% used [0x000000076d280000,0x000000076d280000,0x000000076d300000)
 ParOldGen       total 175104K, used 5878K [0x00000006c1a00000, 0x00000006cc500000, 0x000000076b380000)
  object space 175104K, 3% used [0x00000006c1a00000,0x00000006c1fbd8e8,0x00000006cc500000)
 Metaspace       used 20145K, capacity 20423K, committed 20736K, reserved 1067008K
  class space    used 2467K, capacity 2544K, committed 2560K, reserved 1048576K
}
Event: 1547.828 GC heap before
{Heap before GC invocations=69 (full 0):
 PSYoungGen      total 31744K, used 31488K [0x000000076b380000, 0x000000076d380000, 0x00000007c0000000)
  eden space 31232K, 100% used [0x000000076b380000,0x000000076d200000,0x000000076d200000)
  from space 512K, 50% used [0x000000076d300000,0x000000076d340000,0x000000076d380000)
  to   space 512K, 0% used [0x000000076d280000,0x000000076d280000,0x000000076d300000)
 ParOldGen       total 175104K, used 5878K [0x00000006c1a00000, 0x00000006cc500000, 0x000000076b380000)
  object space 175104K, 3% used [0x00000006c1a00000,0x00000006c1fbd8e8,0x00000006cc500000)
 Metaspace       used 20145K, capacity 20423K, committed 20736K, reserved 1067008K
  class space    used 2467K, capacity 2544K, committed 2560K, reserved 1048576K
Event: 1547.829 GC heap after
Heap after GC invocations=69 (full 0):
 PSYoungGen      total 31744K, used 192K [0x000000076b380000, 0x000000076d380000, 0x00000007c0000000)
  eden space 31232K, 0% used [0x000000076b380000,0x000000076b380000,0x000000076d200000)
  from space 512K, 37% used [0x000000076d280000,0x000000076d2b0000,0x000000076d300000)
  to   space 512K, 0% used [0x000000076d300000,0x000000076d300000,0x000000076d380000)
 ParOldGen       total 175104K, used 5878K [0x00000006c1a00000, 0x00000006cc500000, 0x000000076b380000)
  object space 175104K, 3% used [0x00000006c1a00000,0x00000006c1fbd8e8,0x00000006cc500000)
 Metaspace       used 20145K, capacity 20423K, committed 20736K, reserved 1067008K
  class space    used 2467K, capacity 2544K, committed 2560K, reserved 1048576K
}

